The system is: Linux - 3.10.0-957.21.3.el7.x86_64 - x86_64
Compiling the C compiler identification source file "CMakeCCompilerId.c" succeeded.
Compiler: /apps/gcc/9.3.0/bin/gcc 
Build flags: 
Id flags:  

The output was:
0


Compilation of the C compiler identification source "CMakeCCompilerId.c" produced "a.out"

The C compiler identification is GNU, found in "/home/hdtrdops/GemTrd_2023/JANA4ML4FPGA/src/jana/rawdataparser/build/CMakeFiles/3.17.5/CompilerIdC/a.out"

Compiling the CXX compiler identification source file "CMakeCXXCompilerId.cpp" succeeded.
Compiler: /apps/gcc/9.3.0/bin/g++ 
Build flags: 
Id flags:  

The output was:
0


Compilation of the CXX compiler identification source "CMakeCXXCompilerId.cpp" produced "a.out"

The CXX compiler identification is GNU, found in "/home/hdtrdops/GemTrd_2023/JANA4ML4FPGA/src/jana/rawdataparser/build/CMakeFiles/3.17.5/CompilerIdCXX/a.out"

Determining if the C compiler works passed with the following output:
Change Dir: /home/hdtrdops/GemTrd_2023/JANA4ML4FPGA/src/jana/rawdataparser/build/CMakeFiles/CMakeTmp

Run Build Command(s):/usr/bin/gmake cmTC_88e06/fast && /usr/bin/gmake  -f CMakeFiles/cmTC_88e06.dir/build.make CMakeFiles/cmTC_88e06.dir/build
gmake[1]: Entering directory `/gluonfs1/home/hdtrdops/GemTrd_2023/JANA4ML4FPGA/src/jana/rawdataparser/build/CMakeFiles/CMakeTmp'
Building C object CMakeFiles/cmTC_88e06.dir/testCCompiler.c.o
/apps/gcc/9.3.0/bin/gcc    -o CMakeFiles/cmTC_88e06.dir/testCCompiler.c.o   -c /home/hdtrdops/GemTrd_2023/JANA4ML4FPGA/src/jana/rawdataparser/build/CMakeFiles/CMakeTmp/testCCompiler.c
Linking C executable cmTC_88e06
/usr/bin/cmake3 -E cmake_link_script CMakeFiles/cmTC_88e06.dir/link.txt --verbose=1
/apps/gcc/9.3.0/bin/gcc      CMakeFiles/cmTC_88e06.dir/testCCompiler.c.o  -o cmTC_88e06 
gmake[1]: Leaving directory `/gluonfs1/home/hdtrdops/GemTrd_2023/JANA4ML4FPGA/src/jana/rawdataparser/build/CMakeFiles/CMakeTmp'



Detecting C compiler ABI info compiled with the following output:
Change Dir: /home/hdtrdops/GemTrd_2023/JANA4ML4FPGA/src/jana/rawdataparser/build/CMakeFiles/CMakeTmp

Run Build Command(s):/usr/bin/gmake cmTC_9c852/fast && /usr/bin/gmake  -f CMakeFiles/cmTC_9c852.dir/build.make CMakeFiles/cmTC_9c852.dir/build
gmake[1]: Entering directory `/gluonfs1/home/hdtrdops/GemTrd_2023/JANA4ML4FPGA/src/jana/rawdataparser/build/CMakeFiles/CMakeTmp'
Building C object CMakeFiles/cmTC_9c852.dir/CMakeCCompilerABI.c.o
/apps/gcc/9.3.0/bin/gcc   -v -o CMakeFiles/cmTC_9c852.dir/CMakeCCompilerABI.c.o   -c /usr/share/cmake3/Modules/CMakeCCompilerABI.c
Using built-in specs.
COLLECT_GCC=/apps/gcc/9.3.0/bin/gcc
Target: x86_64-pc-linux-gnu
Configured with: ../srcdir/configure --prefix=/apps/gcc/9.3.0 --enable-languages=c,c++,fortran,go
Thread model: posix
gcc version 9.3.0 (GCC) 
COLLECT_GCC_OPTIONS='-v' '-o' 'CMakeFiles/cmTC_9c852.dir/CMakeCCompilerABI.c.o' '-c' '-mtune=generic' '-march=x86-64'
 /u/apps/gcc/9.3.0/bin/../libexec/gcc/x86_64-pc-linux-gnu/9.3.0/cc1 -quiet -v -iprefix /u/apps/gcc/9.3.0/bin/../lib/gcc/x86_64-pc-linux-gnu/9.3.0/ /usr/share/cmake3/Modules/CMakeCCompilerABI.c -quiet -dumpbase CMakeCCompilerABI.c -mtune=generic -march=x86-64 -auxbase-strip CMakeFiles/cmTC_9c852.dir/CMakeCCompilerABI.c.o -version -o /tmp/ccxaZqnL.s
GNU C17 (GCC) version 9.3.0 (x86_64-pc-linux-gnu)
	compiled by GNU C version 9.3.0, GMP version 6.1.0, MPFR version 3.1.4, MPC version 1.0.3, isl version isl-0.18-GMP

GGC heuristics: --param ggc-min-expand=100 --param ggc-min-heapsize=131072
ignoring nonexistent directory "/u/apps/gcc/9.3.0/bin/../lib/gcc/x86_64-pc-linux-gnu/9.3.0/../../../../x86_64-pc-linux-gnu/include"
ignoring duplicate directory "/u/apps/gcc/9.3.0/bin/../lib/gcc/../../lib/gcc/x86_64-pc-linux-gnu/9.3.0/include"
ignoring duplicate directory "/u/apps/gcc/9.3.0/bin/../lib/gcc/../../lib/gcc/x86_64-pc-linux-gnu/9.3.0/include-fixed"
ignoring nonexistent directory "/u/apps/gcc/9.3.0/bin/../lib/gcc/../../lib/gcc/x86_64-pc-linux-gnu/9.3.0/../../../../x86_64-pc-linux-gnu/include"
#include "..." search starts here:
#include <...> search starts here:
 /u/apps/gcc/9.3.0/bin/../lib/gcc/x86_64-pc-linux-gnu/9.3.0/include
 /u/apps/gcc/9.3.0/bin/../lib/gcc/x86_64-pc-linux-gnu/9.3.0/include-fixed
 /usr/local/include
 /u/apps/gcc/9.3.0/bin/../lib/gcc/../../include
 /usr/include
End of search list.
GNU C17 (GCC) version 9.3.0 (x86_64-pc-linux-gnu)
	compiled by GNU C version 9.3.0, GMP version 6.1.0, MPFR version 3.1.4, MPC version 1.0.3, isl version isl-0.18-GMP

GGC heuristics: --param ggc-min-expand=100 --param ggc-min-heapsize=131072
Compiler executable checksum: 1788fd60ba038ab36d3906404b868553
COLLECT_GCC_OPTIONS='-v' '-o' 'CMakeFiles/cmTC_9c852.dir/CMakeCCompilerABI.c.o' '-c' '-mtune=generic' '-march=x86-64'
 as -v --64 -o CMakeFiles/cmTC_9c852.dir/CMakeCCompilerABI.c.o /tmp/ccxaZqnL.s
GNU assembler version 2.27 (x86_64-redhat-linux) using BFD version version 2.27-34.base.el7
COMPILER_PATH=/u/apps/gcc/9.3.0/bin/../libexec/gcc/x86_64-pc-linux-gnu/9.3.0/:/u/apps/gcc/9.3.0/bin/../libexec/gcc/
LIBRARY_PATH=/u/apps/gcc/9.3.0/bin/../lib/gcc/x86_64-pc-linux-gnu/9.3.0/:/u/apps/gcc/9.3.0/bin/../lib/gcc/:/u/apps/gcc/9.3.0/bin/../lib/gcc/x86_64-pc-linux-gnu/9.3.0/../../../../lib64/:/lib/../lib64/:/usr/lib/../lib64/:/u/apps/gcc/9.3.0/bin/../lib/gcc/x86_64-pc-linux-gnu/9.3.0/../../../:/lib/:/usr/lib/
COLLECT_GCC_OPTIONS='-v' '-o' 'CMakeFiles/cmTC_9c852.dir/CMakeCCompilerABI.c.o' '-c' '-mtune=generic' '-march=x86-64'
Linking C executable cmTC_9c852
/usr/bin/cmake3 -E cmake_link_script CMakeFiles/cmTC_9c852.dir/link.txt --verbose=1
/apps/gcc/9.3.0/bin/gcc     -v CMakeFiles/cmTC_9c852.dir/CMakeCCompilerABI.c.o  -o cmTC_9c852 
Using built-in specs.
COLLECT_GCC=/apps/gcc/9.3.0/bin/gcc
COLLECT_LTO_WRAPPER=/u/apps/gcc/9.3.0/bin/../libexec/gcc/x86_64-pc-linux-gnu/9.3.0/lto-wrapper
Target: x86_64-pc-linux-gnu
Configured with: ../srcdir/configure --prefix=/apps/gcc/9.3.0 --enable-languages=c,c++,fortran,go
Thread model: posix
gcc version 9.3.0 (GCC) 
COMPILER_PATH=/u/apps/gcc/9.3.0/bin/../libexec/gcc/x86_64-pc-linux-gnu/9.3.0/:/u/apps/gcc/9.3.0/bin/../libexec/gcc/
LIBRARY_PATH=/u/apps/gcc/9.3.0/bin/../lib/gcc/x86_64-pc-linux-gnu/9.3.0/:/u/apps/gcc/9.3.0/bin/../lib/gcc/:/u/apps/gcc/9.3.0/bin/../lib/gcc/x86_64-pc-linux-gnu/9.3.0/../../../../lib64/:/lib/../lib64/:/usr/lib/../lib64/:/u/apps/gcc/9.3.0/bin/../lib/gcc/x86_64-pc-linux-gnu/9.3.0/../../../:/lib/:/usr/lib/
COLLECT_GCC_OPTIONS='-v' '-o' 'cmTC_9c852' '-mtune=generic' '-march=x86-64'
 /u/apps/gcc/9.3.0/bin/../libexec/gcc/x86_64-pc-linux-gnu/9.3.0/collect2 -plugin /u/apps/gcc/9.3.0/bin/../libexec/gcc/x86_64-pc-linux-gnu/9.3.0/liblto_plugin.so -plugin-opt=/u/apps/gcc/9.3.0/bin/../libexec/gcc/x86_64-pc-linux-gnu/9.3.0/lto-wrapper -plugin-opt=-fresolution=/tmp/ccjmf3KH.res -plugin-opt=-pass-through=-lgcc -plugin-opt=-pass-through=-lgcc_s -plugin-opt=-pass-through=-lc -plugin-opt=-pass-through=-lgcc -plugin-opt=-pass-through=-lgcc_s --eh-frame-hdr -m elf_x86_64 -dynamic-linker /lib64/ld-linux-x86-64.so.2 -o cmTC_9c852 /lib/../lib64/crt1.o /lib/../lib64/crti.o /u/apps/gcc/9.3.0/bin/../lib/gcc/x86_64-pc-linux-gnu/9.3.0/crtbegin.o -L/u/apps/gcc/9.3.0/bin/../lib/gcc/x86_64-pc-linux-gnu/9.3.0 -L/u/apps/gcc/9.3.0/bin/../lib/gcc -L/u/apps/gcc/9.3.0/bin/../lib/gcc/x86_64-pc-linux-gnu/9.3.0/../../../../lib64 -L/lib/../lib64 -L/usr/lib/../lib64 -L/u/apps/gcc/9.3.0/bin/../lib/gcc/x86_64-pc-linux-gnu/9.3.0/../../.. CMakeFiles/cmTC_9c852.dir/CMakeCCompilerABI.c.o -lgcc --as-needed -lgcc_s --no-as-needed -lc -lgcc --as-needed -lgcc_s --no-as-needed /u/apps/gcc/9.3.0/bin/../lib/gcc/x86_64-pc-linux-gnu/9.3.0/crtend.o /lib/../lib64/crtn.o
COLLECT_GCC_OPTIONS='-v' '-o' 'cmTC_9c852' '-mtune=generic' '-march=x86-64'
gmake[1]: Leaving directory `/gluonfs1/home/hdtrdops/GemTrd_2023/JANA4ML4FPGA/src/jana/rawdataparser/build/CMakeFiles/CMakeTmp'



Parsed C implicit include dir info from above output: rv=done
  found start of include info
  found start of implicit include info
    add: [/u/apps/gcc/9.3.0/bin/../lib/gcc/x86_64-pc-linux-gnu/9.3.0/include]
    add: [/u/apps/gcc/9.3.0/bin/../lib/gcc/x86_64-pc-linux-gnu/9.3.0/include-fixed]
    add: [/usr/local/include]
    add: [/u/apps/gcc/9.3.0/bin/../lib/gcc/../../include]
    add: [/usr/include]
  end of search list found
  collapse include dir [/u/apps/gcc/9.3.0/bin/../lib/gcc/x86_64-pc-linux-gnu/9.3.0/include] ==> [/u/apps/gcc/9.3.0/lib/gcc/x86_64-pc-linux-gnu/9.3.0/include]
  collapse include dir [/u/apps/gcc/9.3.0/bin/../lib/gcc/x86_64-pc-linux-gnu/9.3.0/include-fixed] ==> [/u/apps/gcc/9.3.0/lib/gcc/x86_64-pc-linux-gnu/9.3.0/include-fixed]
  collapse include dir [/usr/local/include] ==> [/usr/local/include]
  collapse include dir [/u/apps/gcc/9.3.0/bin/../lib/gcc/../../include] ==> [/u/apps/gcc/9.3.0/include]
  collapse include dir [/usr/include] ==> [/usr/include]
  implicit include dirs: [/u/apps/gcc/9.3.0/lib/gcc/x86_64-pc-linux-gnu/9.3.0/include;/u/apps/gcc/9.3.0/lib/gcc/x86_64-pc-linux-gnu/9.3.0/include-fixed;/usr/local/include;/u/apps/gcc/9.3.0/include;/usr/include]


Parsed C implicit link information from above output:
  link line regex: [^( *|.*[/\])(ld|CMAKE_LINK_STARTFILE-NOTFOUND|([^/\]+-)?ld|collect2)[^/\]*( |$)]
  ignore line: [Change Dir: /home/hdtrdops/GemTrd_2023/JANA4ML4FPGA/src/jana/rawdataparser/build/CMakeFiles/CMakeTmp]
  ignore line: []
  ignore line: [Run Build Command(s):/usr/bin/gmake cmTC_9c852/fast && /usr/bin/gmake  -f CMakeFiles/cmTC_9c852.dir/build.make CMakeFiles/cmTC_9c852.dir/build]
  ignore line: [gmake[1]: Entering directory `/gluonfs1/home/hdtrdops/GemTrd_2023/JANA4ML4FPGA/src/jana/rawdataparser/build/CMakeFiles/CMakeTmp']
  ignore line: [Building C object CMakeFiles/cmTC_9c852.dir/CMakeCCompilerABI.c.o]
  ignore line: [/apps/gcc/9.3.0/bin/gcc   -v -o CMakeFiles/cmTC_9c852.dir/CMakeCCompilerABI.c.o   -c /usr/share/cmake3/Modules/CMakeCCompilerABI.c]
  ignore line: [Using built-in specs.]
  ignore line: [COLLECT_GCC=/apps/gcc/9.3.0/bin/gcc]
  ignore line: [Target: x86_64-pc-linux-gnu]
  ignore line: [Configured with: ../srcdir/configure --prefix=/apps/gcc/9.3.0 --enable-languages=c c++ fortran go]
  ignore line: [Thread model: posix]
  ignore line: [gcc version 9.3.0 (GCC) ]
  ignore line: [COLLECT_GCC_OPTIONS='-v' '-o' 'CMakeFiles/cmTC_9c852.dir/CMakeCCompilerABI.c.o' '-c' '-mtune=generic' '-march=x86-64']
  ignore line: [ /u/apps/gcc/9.3.0/bin/../libexec/gcc/x86_64-pc-linux-gnu/9.3.0/cc1 -quiet -v -iprefix /u/apps/gcc/9.3.0/bin/../lib/gcc/x86_64-pc-linux-gnu/9.3.0/ /usr/share/cmake3/Modules/CMakeCCompilerABI.c -quiet -dumpbase CMakeCCompilerABI.c -mtune=generic -march=x86-64 -auxbase-strip CMakeFiles/cmTC_9c852.dir/CMakeCCompilerABI.c.o -version -o /tmp/ccxaZqnL.s]
  ignore line: [GNU C17 (GCC) version 9.3.0 (x86_64-pc-linux-gnu)]
  ignore line: [	compiled by GNU C version 9.3.0  GMP version 6.1.0  MPFR version 3.1.4  MPC version 1.0.3  isl version isl-0.18-GMP]
  ignore line: []
  ignore line: [GGC heuristics: --param ggc-min-expand=100 --param ggc-min-heapsize=131072]
  ignore line: [ignoring nonexistent directory "/u/apps/gcc/9.3.0/bin/../lib/gcc/x86_64-pc-linux-gnu/9.3.0/../../../../x86_64-pc-linux-gnu/include"]
  ignore line: [ignoring duplicate directory "/u/apps/gcc/9.3.0/bin/../lib/gcc/../../lib/gcc/x86_64-pc-linux-gnu/9.3.0/include"]
  ignore line: [ignoring duplicate directory "/u/apps/gcc/9.3.0/bin/../lib/gcc/../../lib/gcc/x86_64-pc-linux-gnu/9.3.0/include-fixed"]
  ignore line: [ignoring nonexistent directory "/u/apps/gcc/9.3.0/bin/../lib/gcc/../../lib/gcc/x86_64-pc-linux-gnu/9.3.0/../../../../x86_64-pc-linux-gnu/include"]
  ignore line: [#include "..." search starts here:]
  ignore line: [#include <...> search starts here:]
  ignore line: [ /u/apps/gcc/9.3.0/bin/../lib/gcc/x86_64-pc-linux-gnu/9.3.0/include]
  ignore line: [ /u/apps/gcc/9.3.0/bin/../lib/gcc/x86_64-pc-linux-gnu/9.3.0/include-fixed]
  ignore line: [ /usr/local/include]
  ignore line: [ /u/apps/gcc/9.3.0/bin/../lib/gcc/../../include]
  ignore line: [ /usr/include]
  ignore line: [End of search list.]
  ignore line: [GNU C17 (GCC) version 9.3.0 (x86_64-pc-linux-gnu)]
  ignore line: [	compiled by GNU C version 9.3.0  GMP version 6.1.0  MPFR version 3.1.4  MPC version 1.0.3  isl version isl-0.18-GMP]
  ignore line: []
  ignore line: [GGC heuristics: --param ggc-min-expand=100 --param ggc-min-heapsize=131072]
  ignore line: [Compiler executable checksum: 1788fd60ba038ab36d3906404b868553]
  ignore line: [COLLECT_GCC_OPTIONS='-v' '-o' 'CMakeFiles/cmTC_9c852.dir/CMakeCCompilerABI.c.o' '-c' '-mtune=generic' '-march=x86-64']
  ignore line: [ as -v --64 -o CMakeFiles/cmTC_9c852.dir/CMakeCCompilerABI.c.o /tmp/ccxaZqnL.s]
  ignore line: [GNU assembler version 2.27 (x86_64-redhat-linux) using BFD version version 2.27-34.base.el7]
  ignore line: [COMPILER_PATH=/u/apps/gcc/9.3.0/bin/../libexec/gcc/x86_64-pc-linux-gnu/9.3.0/:/u/apps/gcc/9.3.0/bin/../libexec/gcc/]
  ignore line: [LIBRARY_PATH=/u/apps/gcc/9.3.0/bin/../lib/gcc/x86_64-pc-linux-gnu/9.3.0/:/u/apps/gcc/9.3.0/bin/../lib/gcc/:/u/apps/gcc/9.3.0/bin/../lib/gcc/x86_64-pc-linux-gnu/9.3.0/../../../../lib64/:/lib/../lib64/:/usr/lib/../lib64/:/u/apps/gcc/9.3.0/bin/../lib/gcc/x86_64-pc-linux-gnu/9.3.0/../../../:/lib/:/usr/lib/]
  ignore line: [COLLECT_GCC_OPTIONS='-v' '-o' 'CMakeFiles/cmTC_9c852.dir/CMakeCCompilerABI.c.o' '-c' '-mtune=generic' '-march=x86-64']
  ignore line: [Linking C executable cmTC_9c852]
  ignore line: [/usr/bin/cmake3 -E cmake_link_script CMakeFiles/cmTC_9c852.dir/link.txt --verbose=1]
  ignore line: [/apps/gcc/9.3.0/bin/gcc     -v CMakeFiles/cmTC_9c852.dir/CMakeCCompilerABI.c.o  -o cmTC_9c852 ]
  ignore line: [Using built-in specs.]
  ignore line: [COLLECT_GCC=/apps/gcc/9.3.0/bin/gcc]
  ignore line: [COLLECT_LTO_WRAPPER=/u/apps/gcc/9.3.0/bin/../libexec/gcc/x86_64-pc-linux-gnu/9.3.0/lto-wrapper]
  ignore line: [Target: x86_64-pc-linux-gnu]
  ignore line: [Configured with: ../srcdir/configure --prefix=/apps/gcc/9.3.0 --enable-languages=c c++ fortran go]
  ignore line: [Thread model: posix]
  ignore line: [gcc version 9.3.0 (GCC) ]
  ignore line: [COMPILER_PATH=/u/apps/gcc/9.3.0/bin/../libexec/gcc/x86_64-pc-linux-gnu/9.3.0/:/u/apps/gcc/9.3.0/bin/../libexec/gcc/]
  ignore line: [LIBRARY_PATH=/u/apps/gcc/9.3.0/bin/../lib/gcc/x86_64-pc-linux-gnu/9.3.0/:/u/apps/gcc/9.3.0/bin/../lib/gcc/:/u/apps/gcc/9.3.0/bin/../lib/gcc/x86_64-pc-linux-gnu/9.3.0/../../../../lib64/:/lib/../lib64/:/usr/lib/../lib64/:/u/apps/gcc/9.3.0/bin/../lib/gcc/x86_64-pc-linux-gnu/9.3.0/../../../:/lib/:/usr/lib/]
  ignore line: [COLLECT_GCC_OPTIONS='-v' '-o' 'cmTC_9c852' '-mtune=generic' '-march=x86-64']
  link line: [ /u/apps/gcc/9.3.0/bin/../libexec/gcc/x86_64-pc-linux-gnu/9.3.0/collect2 -plugin /u/apps/gcc/9.3.0/bin/../libexec/gcc/x86_64-pc-linux-gnu/9.3.0/liblto_plugin.so -plugin-opt=/u/apps/gcc/9.3.0/bin/../libexec/gcc/x86_64-pc-linux-gnu/9.3.0/lto-wrapper -plugin-opt=-fresolution=/tmp/ccjmf3KH.res -plugin-opt=-pass-through=-lgcc -plugin-opt=-pass-through=-lgcc_s -plugin-opt=-pass-through=-lc -plugin-opt=-pass-through=-lgcc -plugin-opt=-pass-through=-lgcc_s --eh-frame-hdr -m elf_x86_64 -dynamic-linker /lib64/ld-linux-x86-64.so.2 -o cmTC_9c852 /lib/../lib64/crt1.o /lib/../lib64/crti.o /u/apps/gcc/9.3.0/bin/../lib/gcc/x86_64-pc-linux-gnu/9.3.0/crtbegin.o -L/u/apps/gcc/9.3.0/bin/../lib/gcc/x86_64-pc-linux-gnu/9.3.0 -L/u/apps/gcc/9.3.0/bin/../lib/gcc -L/u/apps/gcc/9.3.0/bin/../lib/gcc/x86_64-pc-linux-gnu/9.3.0/../../../../lib64 -L/lib/../lib64 -L/usr/lib/../lib64 -L/u/apps/gcc/9.3.0/bin/../lib/gcc/x86_64-pc-linux-gnu/9.3.0/../../.. CMakeFiles/cmTC_9c852.dir/CMakeCCompilerABI.c.o -lgcc --as-needed -lgcc_s --no-as-needed -lc -lgcc --as-needed -lgcc_s --no-as-needed /u/apps/gcc/9.3.0/bin/../lib/gcc/x86_64-pc-linux-gnu/9.3.0/crtend.o /lib/../lib64/crtn.o]
    arg [/u/apps/gcc/9.3.0/bin/../libexec/gcc/x86_64-pc-linux-gnu/9.3.0/collect2] ==> ignore
    arg [-plugin] ==> ignore
    arg [/u/apps/gcc/9.3.0/bin/../libexec/gcc/x86_64-pc-linux-gnu/9.3.0/liblto_plugin.so] ==> ignore
    arg [-plugin-opt=/u/apps/gcc/9.3.0/bin/../libexec/gcc/x86_64-pc-linux-gnu/9.3.0/lto-wrapper] ==> ignore
    arg [-plugin-opt=-fresolution=/tmp/ccjmf3KH.res] ==> ignore
    arg [-plugin-opt=-pass-through=-lgcc] ==> ignore
    arg [-plugin-opt=-pass-through=-lgcc_s] ==> ignore
    arg [-plugin-opt=-pass-through=-lc] ==> ignore
    arg [-plugin-opt=-pass-through=-lgcc] ==> ignore
    arg [-plugin-opt=-pass-through=-lgcc_s] ==> ignore
    arg [--eh-frame-hdr] ==> ignore
    arg [-m] ==> ignore
    arg [elf_x86_64] ==> ignore
    arg [-dynamic-linker] ==> ignore
    arg [/lib64/ld-linux-x86-64.so.2] ==> ignore
    arg [-o] ==> ignore
    arg [cmTC_9c852] ==> ignore
    arg [/lib/../lib64/crt1.o] ==> ignore
    arg [/lib/../lib64/crti.o] ==> ignore
    arg [/u/apps/gcc/9.3.0/bin/../lib/gcc/x86_64-pc-linux-gnu/9.3.0/crtbegin.o] ==> ignore
    arg [-L/u/apps/gcc/9.3.0/bin/../lib/gcc/x86_64-pc-linux-gnu/9.3.0] ==> dir [/u/apps/gcc/9.3.0/bin/../lib/gcc/x86_64-pc-linux-gnu/9.3.0]
    arg [-L/u/apps/gcc/9.3.0/bin/../lib/gcc] ==> dir [/u/apps/gcc/9.3.0/bin/../lib/gcc]
    arg [-L/u/apps/gcc/9.3.0/bin/../lib/gcc/x86_64-pc-linux-gnu/9.3.0/../../../../lib64] ==> dir [/u/apps/gcc/9.3.0/bin/../lib/gcc/x86_64-pc-linux-gnu/9.3.0/../../../../lib64]
    arg [-L/lib/../lib64] ==> dir [/lib/../lib64]
    arg [-L/usr/lib/../lib64] ==> dir [/usr/lib/../lib64]
    arg [-L/u/apps/gcc/9.3.0/bin/../lib/gcc/x86_64-pc-linux-gnu/9.3.0/../../..] ==> dir [/u/apps/gcc/9.3.0/bin/../lib/gcc/x86_64-pc-linux-gnu/9.3.0/../../..]
    arg [CMakeFiles/cmTC_9c852.dir/CMakeCCompilerABI.c.o] ==> ignore
    arg [-lgcc] ==> lib [gcc]
    arg [--as-needed] ==> ignore
    arg [-lgcc_s] ==> lib [gcc_s]
    arg [--no-as-needed] ==> ignore
    arg [-lc] ==> lib [c]
    arg [-lgcc] ==> lib [gcc]
    arg [--as-needed] ==> ignore
    arg [-lgcc_s] ==> lib [gcc_s]
    arg [--no-as-needed] ==> ignore
    arg [/u/apps/gcc/9.3.0/bin/../lib/gcc/x86_64-pc-linux-gnu/9.3.0/crtend.o] ==> ignore
    arg [/lib/../lib64/crtn.o] ==> ignore
  collapse library dir [/u/apps/gcc/9.3.0/bin/../lib/gcc/x86_64-pc-linux-gnu/9.3.0] ==> [/u/apps/gcc/9.3.0/lib/gcc/x86_64-pc-linux-gnu/9.3.0]
  collapse library dir [/u/apps/gcc/9.3.0/bin/../lib/gcc] ==> [/u/apps/gcc/9.3.0/lib/gcc]
  collapse library dir [/u/apps/gcc/9.3.0/bin/../lib/gcc/x86_64-pc-linux-gnu/9.3.0/../../../../lib64] ==> [/u/apps/gcc/9.3.0/lib64]
  collapse library dir [/lib/../lib64] ==> [/lib64]
  collapse library dir [/usr/lib/../lib64] ==> [/usr/lib64]
  collapse library dir [/u/apps/gcc/9.3.0/bin/../lib/gcc/x86_64-pc-linux-gnu/9.3.0/../../..] ==> [/u/apps/gcc/9.3.0/lib]
  implicit libs: [gcc;gcc_s;c;gcc;gcc_s]
  implicit dirs: [/u/apps/gcc/9.3.0/lib/gcc/x86_64-pc-linux-gnu/9.3.0;/u/apps/gcc/9.3.0/lib/gcc;/u/apps/gcc/9.3.0/lib64;/lib64;/usr/lib64;/u/apps/gcc/9.3.0/lib]
  implicit fwks: []


Determining if the CXX compiler works passed with the following output:
Change Dir: /home/hdtrdops/GemTrd_2023/JANA4ML4FPGA/src/jana/rawdataparser/build/CMakeFiles/CMakeTmp

Run Build Command(s):/usr/bin/gmake cmTC_794a1/fast && /usr/bin/gmake  -f CMakeFiles/cmTC_794a1.dir/build.make CMakeFiles/cmTC_794a1.dir/build
gmake[1]: Entering directory `/gluonfs1/home/hdtrdops/GemTrd_2023/JANA4ML4FPGA/src/jana/rawdataparser/build/CMakeFiles/CMakeTmp'
Building CXX object CMakeFiles/cmTC_794a1.dir/testCXXCompiler.cxx.o
/apps/gcc/9.3.0/bin/g++    -std=gnu++17 -o CMakeFiles/cmTC_794a1.dir/testCXXCompiler.cxx.o -c /home/hdtrdops/GemTrd_2023/JANA4ML4FPGA/src/jana/rawdataparser/build/CMakeFiles/CMakeTmp/testCXXCompiler.cxx
Linking CXX executable cmTC_794a1
/usr/bin/cmake3 -E cmake_link_script CMakeFiles/cmTC_794a1.dir/link.txt --verbose=1
/apps/gcc/9.3.0/bin/g++       CMakeFiles/cmTC_794a1.dir/testCXXCompiler.cxx.o  -o cmTC_794a1 
gmake[1]: Leaving directory `/gluonfs1/home/hdtrdops/GemTrd_2023/JANA4ML4FPGA/src/jana/rawdataparser/build/CMakeFiles/CMakeTmp'



Detecting CXX compiler ABI info compiled with the following output:
Change Dir: /home/hdtrdops/GemTrd_2023/JANA4ML4FPGA/src/jana/rawdataparser/build/CMakeFiles/CMakeTmp

Run Build Command(s):/usr/bin/gmake cmTC_b89b5/fast && /usr/bin/gmake  -f CMakeFiles/cmTC_b89b5.dir/build.make CMakeFiles/cmTC_b89b5.dir/build
gmake[1]: Entering directory `/gluonfs1/home/hdtrdops/GemTrd_2023/JANA4ML4FPGA/src/jana/rawdataparser/build/CMakeFiles/CMakeTmp'
Building CXX object CMakeFiles/cmTC_b89b5.dir/CMakeCXXCompilerABI.cpp.o
/apps/gcc/9.3.0/bin/g++    -v -std=gnu++17 -o CMakeFiles/cmTC_b89b5.dir/CMakeCXXCompilerABI.cpp.o -c /usr/share/cmake3/Modules/CMakeCXXCompilerABI.cpp
Using built-in specs.
COLLECT_GCC=/apps/gcc/9.3.0/bin/g++
Target: x86_64-pc-linux-gnu
Configured with: ../srcdir/configure --prefix=/apps/gcc/9.3.0 --enable-languages=c,c++,fortran,go
Thread model: posix
gcc version 9.3.0 (GCC) 
COLLECT_GCC_OPTIONS='-v' '-std=gnu++17' '-o' 'CMakeFiles/cmTC_b89b5.dir/CMakeCXXCompilerABI.cpp.o' '-c' '-shared-libgcc' '-mtune=generic' '-march=x86-64'
 /u/apps/gcc/9.3.0/bin/../libexec/gcc/x86_64-pc-linux-gnu/9.3.0/cc1plus -quiet -v -iprefix /u/apps/gcc/9.3.0/bin/../lib/gcc/x86_64-pc-linux-gnu/9.3.0/ -D_GNU_SOURCE /usr/share/cmake3/Modules/CMakeCXXCompilerABI.cpp -quiet -dumpbase CMakeCXXCompilerABI.cpp -mtune=generic -march=x86-64 -auxbase-strip CMakeFiles/cmTC_b89b5.dir/CMakeCXXCompilerABI.cpp.o -std=gnu++17 -version -o /tmp/ccCtDTll.s
GNU C++17 (GCC) version 9.3.0 (x86_64-pc-linux-gnu)
	compiled by GNU C version 9.3.0, GMP version 6.1.0, MPFR version 3.1.4, MPC version 1.0.3, isl version isl-0.18-GMP

GGC heuristics: --param ggc-min-expand=100 --param ggc-min-heapsize=131072
ignoring nonexistent directory "/u/apps/gcc/9.3.0/bin/../lib/gcc/x86_64-pc-linux-gnu/9.3.0/../../../../x86_64-pc-linux-gnu/include"
ignoring duplicate directory "/u/apps/gcc/9.3.0/bin/../lib/gcc/../../lib/gcc/x86_64-pc-linux-gnu/9.3.0/../../../../include/c++/9.3.0"
ignoring duplicate directory "/u/apps/gcc/9.3.0/bin/../lib/gcc/../../lib/gcc/x86_64-pc-linux-gnu/9.3.0/../../../../include/c++/9.3.0/x86_64-pc-linux-gnu"
ignoring duplicate directory "/u/apps/gcc/9.3.0/bin/../lib/gcc/../../lib/gcc/x86_64-pc-linux-gnu/9.3.0/../../../../include/c++/9.3.0/backward"
ignoring duplicate directory "/u/apps/gcc/9.3.0/bin/../lib/gcc/../../lib/gcc/x86_64-pc-linux-gnu/9.3.0/include"
ignoring duplicate directory "/u/apps/gcc/9.3.0/bin/../lib/gcc/../../lib/gcc/x86_64-pc-linux-gnu/9.3.0/include-fixed"
ignoring nonexistent directory "/u/apps/gcc/9.3.0/bin/../lib/gcc/../../lib/gcc/x86_64-pc-linux-gnu/9.3.0/../../../../x86_64-pc-linux-gnu/include"
#include "..." search starts here:
#include <...> search starts here:
 /u/apps/gcc/9.3.0/bin/../lib/gcc/x86_64-pc-linux-gnu/9.3.0/../../../../include/c++/9.3.0
 /u/apps/gcc/9.3.0/bin/../lib/gcc/x86_64-pc-linux-gnu/9.3.0/../../../../include/c++/9.3.0/x86_64-pc-linux-gnu
 /u/apps/gcc/9.3.0/bin/../lib/gcc/x86_64-pc-linux-gnu/9.3.0/../../../../include/c++/9.3.0/backward
 /u/apps/gcc/9.3.0/bin/../lib/gcc/x86_64-pc-linux-gnu/9.3.0/include
 /u/apps/gcc/9.3.0/bin/../lib/gcc/x86_64-pc-linux-gnu/9.3.0/include-fixed
 /usr/local/include
 /u/apps/gcc/9.3.0/bin/../lib/gcc/../../include
 /usr/include
End of search list.
GNU C++17 (GCC) version 9.3.0 (x86_64-pc-linux-gnu)
	compiled by GNU C version 9.3.0, GMP version 6.1.0, MPFR version 3.1.4, MPC version 1.0.3, isl version isl-0.18-GMP

GGC heuristics: --param ggc-min-expand=100 --param ggc-min-heapsize=131072
Compiler executable checksum: fe5007d13703c46070e17020c3f1c237
COLLECT_GCC_OPTIONS='-v' '-std=gnu++17' '-o' 'CMakeFiles/cmTC_b89b5.dir/CMakeCXXCompilerABI.cpp.o' '-c' '-shared-libgcc' '-mtune=generic' '-march=x86-64'
 as -v --64 -o CMakeFiles/cmTC_b89b5.dir/CMakeCXXCompilerABI.cpp.o /tmp/ccCtDTll.s
GNU assembler version 2.27 (x86_64-redhat-linux) using BFD version version 2.27-34.base.el7
COMPILER_PATH=/u/apps/gcc/9.3.0/bin/../libexec/gcc/x86_64-pc-linux-gnu/9.3.0/:/u/apps/gcc/9.3.0/bin/../libexec/gcc/
LIBRARY_PATH=/u/apps/gcc/9.3.0/bin/../lib/gcc/x86_64-pc-linux-gnu/9.3.0/:/u/apps/gcc/9.3.0/bin/../lib/gcc/:/u/apps/gcc/9.3.0/bin/../lib/gcc/x86_64-pc-linux-gnu/9.3.0/../../../../lib64/:/lib/../lib64/:/usr/lib/../lib64/:/u/apps/gcc/9.3.0/bin/../lib/gcc/x86_64-pc-linux-gnu/9.3.0/../../../:/lib/:/usr/lib/
COLLECT_GCC_OPTIONS='-v' '-std=gnu++17' '-o' 'CMakeFiles/cmTC_b89b5.dir/CMakeCXXCompilerABI.cpp.o' '-c' '-shared-libgcc' '-mtune=generic' '-march=x86-64'
Linking CXX executable cmTC_b89b5
/usr/bin/cmake3 -E cmake_link_script CMakeFiles/cmTC_b89b5.dir/link.txt --verbose=1
/apps/gcc/9.3.0/bin/g++      -v CMakeFiles/cmTC_b89b5.dir/CMakeCXXCompilerABI.cpp.o  -o cmTC_b89b5 
Using built-in specs.
COLLECT_GCC=/apps/gcc/9.3.0/bin/g++
COLLECT_LTO_WRAPPER=/u/apps/gcc/9.3.0/bin/../libexec/gcc/x86_64-pc-linux-gnu/9.3.0/lto-wrapper
Target: x86_64-pc-linux-gnu
Configured with: ../srcdir/configure --prefix=/apps/gcc/9.3.0 --enable-languages=c,c++,fortran,go
Thread model: posix
gcc version 9.3.0 (GCC) 
COMPILER_PATH=/u/apps/gcc/9.3.0/bin/../libexec/gcc/x86_64-pc-linux-gnu/9.3.0/:/u/apps/gcc/9.3.0/bin/../libexec/gcc/
LIBRARY_PATH=/u/apps/gcc/9.3.0/bin/../lib/gcc/x86_64-pc-linux-gnu/9.3.0/:/u/apps/gcc/9.3.0/bin/../lib/gcc/:/u/apps/gcc/9.3.0/bin/../lib/gcc/x86_64-pc-linux-gnu/9.3.0/../../../../lib64/:/lib/../lib64/:/usr/lib/../lib64/:/u/apps/gcc/9.3.0/bin/../lib/gcc/x86_64-pc-linux-gnu/9.3.0/../../../:/lib/:/usr/lib/
COLLECT_GCC_OPTIONS='-v' '-o' 'cmTC_b89b5' '-shared-libgcc' '-mtune=generic' '-march=x86-64'
 /u/apps/gcc/9.3.0/bin/../libexec/gcc/x86_64-pc-linux-gnu/9.3.0/collect2 -plugin /u/apps/gcc/9.3.0/bin/../libexec/gcc/x86_64-pc-linux-gnu/9.3.0/liblto_plugin.so -plugin-opt=/u/apps/gcc/9.3.0/bin/../libexec/gcc/x86_64-pc-linux-gnu/9.3.0/lto-wrapper -plugin-opt=-fresolution=/tmp/cc9pQzUt.res -plugin-opt=-pass-through=-lgcc_s -plugin-opt=-pass-through=-lgcc -plugin-opt=-pass-through=-lc -plugin-opt=-pass-through=-lgcc_s -plugin-opt=-pass-through=-lgcc --eh-frame-hdr -m elf_x86_64 -dynamic-linker /lib64/ld-linux-x86-64.so.2 -o cmTC_b89b5 /lib/../lib64/crt1.o /lib/../lib64/crti.o /u/apps/gcc/9.3.0/bin/../lib/gcc/x86_64-pc-linux-gnu/9.3.0/crtbegin.o -L/u/apps/gcc/9.3.0/bin/../lib/gcc/x86_64-pc-linux-gnu/9.3.0 -L/u/apps/gcc/9.3.0/bin/../lib/gcc -L/u/apps/gcc/9.3.0/bin/../lib/gcc/x86_64-pc-linux-gnu/9.3.0/../../../../lib64 -L/lib/../lib64 -L/usr/lib/../lib64 -L/u/apps/gcc/9.3.0/bin/../lib/gcc/x86_64-pc-linux-gnu/9.3.0/../../.. CMakeFiles/cmTC_b89b5.dir/CMakeCXXCompilerABI.cpp.o -lstdc++ -lm -lgcc_s -lgcc -lc -lgcc_s -lgcc /u/apps/gcc/9.3.0/bin/../lib/gcc/x86_64-pc-linux-gnu/9.3.0/crtend.o /lib/../lib64/crtn.o
COLLECT_GCC_OPTIONS='-v' '-o' 'cmTC_b89b5' '-shared-libgcc' '-mtune=generic' '-march=x86-64'
gmake[1]: Leaving directory `/gluonfs1/home/hdtrdops/GemTrd_2023/JANA4ML4FPGA/src/jana/rawdataparser/build/CMakeFiles/CMakeTmp'



Parsed CXX implicit include dir info from above output: rv=done
  found start of include info
  found start of implicit include info
    add: [/u/apps/gcc/9.3.0/bin/../lib/gcc/x86_64-pc-linux-gnu/9.3.0/../../../../include/c++/9.3.0]
    add: [/u/apps/gcc/9.3.0/bin/../lib/gcc/x86_64-pc-linux-gnu/9.3.0/../../../../include/c++/9.3.0/x86_64-pc-linux-gnu]
    add: [/u/apps/gcc/9.3.0/bin/../lib/gcc/x86_64-pc-linux-gnu/9.3.0/../../../../include/c++/9.3.0/backward]
    add: [/u/apps/gcc/9.3.0/bin/../lib/gcc/x86_64-pc-linux-gnu/9.3.0/include]
    add: [/u/apps/gcc/9.3.0/bin/../lib/gcc/x86_64-pc-linux-gnu/9.3.0/include-fixed]
    add: [/usr/local/include]
    add: [/u/apps/gcc/9.3.0/bin/../lib/gcc/../../include]
    add: [/usr/include]
  end of search list found
  collapse include dir [/u/apps/gcc/9.3.0/bin/../lib/gcc/x86_64-pc-linux-gnu/9.3.0/../../../../include/c++/9.3.0] ==> [/u/apps/gcc/9.3.0/include/c++/9.3.0]
  collapse include dir [/u/apps/gcc/9.3.0/bin/../lib/gcc/x86_64-pc-linux-gnu/9.3.0/../../../../include/c++/9.3.0/x86_64-pc-linux-gnu] ==> [/u/apps/gcc/9.3.0/include/c++/9.3.0/x86_64-pc-linux-gnu]
  collapse include dir [/u/apps/gcc/9.3.0/bin/../lib/gcc/x86_64-pc-linux-gnu/9.3.0/../../../../include/c++/9.3.0/backward] ==> [/u/apps/gcc/9.3.0/include/c++/9.3.0/backward]
  collapse include dir [/u/apps/gcc/9.3.0/bin/../lib/gcc/x86_64-pc-linux-gnu/9.3.0/include] ==> [/u/apps/gcc/9.3.0/lib/gcc/x86_64-pc-linux-gnu/9.3.0/include]
  collapse include dir [/u/apps/gcc/9.3.0/bin/../lib/gcc/x86_64-pc-linux-gnu/9.3.0/include-fixed] ==> [/u/apps/gcc/9.3.0/lib/gcc/x86_64-pc-linux-gnu/9.3.0/include-fixed]
  collapse include dir [/usr/local/include] ==> [/usr/local/include]
  collapse include dir [/u/apps/gcc/9.3.0/bin/../lib/gcc/../../include] ==> [/u/apps/gcc/9.3.0/include]
  collapse include dir [/usr/include] ==> [/usr/include]
  implicit include dirs: [/u/apps/gcc/9.3.0/include/c++/9.3.0;/u/apps/gcc/9.3.0/include/c++/9.3.0/x86_64-pc-linux-gnu;/u/apps/gcc/9.3.0/include/c++/9.3.0/backward;/u/apps/gcc/9.3.0/lib/gcc/x86_64-pc-linux-gnu/9.3.0/include;/u/apps/gcc/9.3.0/lib/gcc/x86_64-pc-linux-gnu/9.3.0/include-fixed;/usr/local/include;/u/apps/gcc/9.3.0/include;/usr/include]


Parsed CXX implicit link information from above output:
  link line regex: [^( *|.*[/\])(ld|CMAKE_LINK_STARTFILE-NOTFOUND|([^/\]+-)?ld|collect2)[^/\]*( |$)]
  ignore line: [Change Dir: /home/hdtrdops/GemTrd_2023/JANA4ML4FPGA/src/jana/rawdataparser/build/CMakeFiles/CMakeTmp]
  ignore line: []
  ignore line: [Run Build Command(s):/usr/bin/gmake cmTC_b89b5/fast && /usr/bin/gmake  -f CMakeFiles/cmTC_b89b5.dir/build.make CMakeFiles/cmTC_b89b5.dir/build]
  ignore line: [gmake[1]: Entering directory `/gluonfs1/home/hdtrdops/GemTrd_2023/JANA4ML4FPGA/src/jana/rawdataparser/build/CMakeFiles/CMakeTmp']
  ignore line: [Building CXX object CMakeFiles/cmTC_b89b5.dir/CMakeCXXCompilerABI.cpp.o]
  ignore line: [/apps/gcc/9.3.0/bin/g++    -v -std=gnu++17 -o CMakeFiles/cmTC_b89b5.dir/CMakeCXXCompilerABI.cpp.o -c /usr/share/cmake3/Modules/CMakeCXXCompilerABI.cpp]
  ignore line: [Using built-in specs.]
  ignore line: [COLLECT_GCC=/apps/gcc/9.3.0/bin/g++]
  ignore line: [Target: x86_64-pc-linux-gnu]
  ignore line: [Configured with: ../srcdir/configure --prefix=/apps/gcc/9.3.0 --enable-languages=c c++ fortran go]
  ignore line: [Thread model: posix]
  ignore line: [gcc version 9.3.0 (GCC) ]
  ignore line: [COLLECT_GCC_OPTIONS='-v' '-std=gnu++17' '-o' 'CMakeFiles/cmTC_b89b5.dir/CMakeCXXCompilerABI.cpp.o' '-c' '-shared-libgcc' '-mtune=generic' '-march=x86-64']
  ignore line: [ /u/apps/gcc/9.3.0/bin/../libexec/gcc/x86_64-pc-linux-gnu/9.3.0/cc1plus -quiet -v -iprefix /u/apps/gcc/9.3.0/bin/../lib/gcc/x86_64-pc-linux-gnu/9.3.0/ -D_GNU_SOURCE /usr/share/cmake3/Modules/CMakeCXXCompilerABI.cpp -quiet -dumpbase CMakeCXXCompilerABI.cpp -mtune=generic -march=x86-64 -auxbase-strip CMakeFiles/cmTC_b89b5.dir/CMakeCXXCompilerABI.cpp.o -std=gnu++17 -version -o /tmp/ccCtDTll.s]
  ignore line: [GNU C++17 (GCC) version 9.3.0 (x86_64-pc-linux-gnu)]
  ignore line: [	compiled by GNU C version 9.3.0  GMP version 6.1.0  MPFR version 3.1.4  MPC version 1.0.3  isl version isl-0.18-GMP]
  ignore line: []
  ignore line: [GGC heuristics: --param ggc-min-expand=100 --param ggc-min-heapsize=131072]
  ignore line: [ignoring nonexistent directory "/u/apps/gcc/9.3.0/bin/../lib/gcc/x86_64-pc-linux-gnu/9.3.0/../../../../x86_64-pc-linux-gnu/include"]
  ignore line: [ignoring duplicate directory "/u/apps/gcc/9.3.0/bin/../lib/gcc/../../lib/gcc/x86_64-pc-linux-gnu/9.3.0/../../../../include/c++/9.3.0"]
  ignore line: [ignoring duplicate directory "/u/apps/gcc/9.3.0/bin/../lib/gcc/../../lib/gcc/x86_64-pc-linux-gnu/9.3.0/../../../../include/c++/9.3.0/x86_64-pc-linux-gnu"]
  ignore line: [ignoring duplicate directory "/u/apps/gcc/9.3.0/bin/../lib/gcc/../../lib/gcc/x86_64-pc-linux-gnu/9.3.0/../../../../include/c++/9.3.0/backward"]
  ignore line: [ignoring duplicate directory "/u/apps/gcc/9.3.0/bin/../lib/gcc/../../lib/gcc/x86_64-pc-linux-gnu/9.3.0/include"]
  ignore line: [ignoring duplicate directory "/u/apps/gcc/9.3.0/bin/../lib/gcc/../../lib/gcc/x86_64-pc-linux-gnu/9.3.0/include-fixed"]
  ignore line: [ignoring nonexistent directory "/u/apps/gcc/9.3.0/bin/../lib/gcc/../../lib/gcc/x86_64-pc-linux-gnu/9.3.0/../../../../x86_64-pc-linux-gnu/include"]
  ignore line: [#include "..." search starts here:]
  ignore line: [#include <...> search starts here:]
  ignore line: [ /u/apps/gcc/9.3.0/bin/../lib/gcc/x86_64-pc-linux-gnu/9.3.0/../../../../include/c++/9.3.0]
  ignore line: [ /u/apps/gcc/9.3.0/bin/../lib/gcc/x86_64-pc-linux-gnu/9.3.0/../../../../include/c++/9.3.0/x86_64-pc-linux-gnu]
  ignore line: [ /u/apps/gcc/9.3.0/bin/../lib/gcc/x86_64-pc-linux-gnu/9.3.0/../../../../include/c++/9.3.0/backward]
  ignore line: [ /u/apps/gcc/9.3.0/bin/../lib/gcc/x86_64-pc-linux-gnu/9.3.0/include]
  ignore line: [ /u/apps/gcc/9.3.0/bin/../lib/gcc/x86_64-pc-linux-gnu/9.3.0/include-fixed]
  ignore line: [ /usr/local/include]
  ignore line: [ /u/apps/gcc/9.3.0/bin/../lib/gcc/../../include]
  ignore line: [ /usr/include]
  ignore line: [End of search list.]
  ignore line: [GNU C++17 (GCC) version 9.3.0 (x86_64-pc-linux-gnu)]
  ignore line: [	compiled by GNU C version 9.3.0  GMP version 6.1.0  MPFR version 3.1.4  MPC version 1.0.3  isl version isl-0.18-GMP]
  ignore line: []
  ignore line: [GGC heuristics: --param ggc-min-expand=100 --param ggc-min-heapsize=131072]
  ignore line: [Compiler executable checksum: fe5007d13703c46070e17020c3f1c237]
  ignore line: [COLLECT_GCC_OPTIONS='-v' '-std=gnu++17' '-o' 'CMakeFiles/cmTC_b89b5.dir/CMakeCXXCompilerABI.cpp.o' '-c' '-shared-libgcc' '-mtune=generic' '-march=x86-64']
  ignore line: [ as -v --64 -o CMakeFiles/cmTC_b89b5.dir/CMakeCXXCompilerABI.cpp.o /tmp/ccCtDTll.s]
  ignore line: [GNU assembler version 2.27 (x86_64-redhat-linux) using BFD version version 2.27-34.base.el7]
  ignore line: [COMPILER_PATH=/u/apps/gcc/9.3.0/bin/../libexec/gcc/x86_64-pc-linux-gnu/9.3.0/:/u/apps/gcc/9.3.0/bin/../libexec/gcc/]
  ignore line: [LIBRARY_PATH=/u/apps/gcc/9.3.0/bin/../lib/gcc/x86_64-pc-linux-gnu/9.3.0/:/u/apps/gcc/9.3.0/bin/../lib/gcc/:/u/apps/gcc/9.3.0/bin/../lib/gcc/x86_64-pc-linux-gnu/9.3.0/../../../../lib64/:/lib/../lib64/:/usr/lib/../lib64/:/u/apps/gcc/9.3.0/bin/../lib/gcc/x86_64-pc-linux-gnu/9.3.0/../../../:/lib/:/usr/lib/]
  ignore line: [COLLECT_GCC_OPTIONS='-v' '-std=gnu++17' '-o' 'CMakeFiles/cmTC_b89b5.dir/CMakeCXXCompilerABI.cpp.o' '-c' '-shared-libgcc' '-mtune=generic' '-march=x86-64']
  ignore line: [Linking CXX executable cmTC_b89b5]
  ignore line: [/usr/bin/cmake3 -E cmake_link_script CMakeFiles/cmTC_b89b5.dir/link.txt --verbose=1]
  ignore line: [/apps/gcc/9.3.0/bin/g++      -v CMakeFiles/cmTC_b89b5.dir/CMakeCXXCompilerABI.cpp.o  -o cmTC_b89b5 ]
  ignore line: [Using built-in specs.]
  ignore line: [COLLECT_GCC=/apps/gcc/9.3.0/bin/g++]
  ignore line: [COLLECT_LTO_WRAPPER=/u/apps/gcc/9.3.0/bin/../libexec/gcc/x86_64-pc-linux-gnu/9.3.0/lto-wrapper]
  ignore line: [Target: x86_64-pc-linux-gnu]
  ignore line: [Configured with: ../srcdir/configure --prefix=/apps/gcc/9.3.0 --enable-languages=c c++ fortran go]
  ignore line: [Thread model: posix]
  ignore line: [gcc version 9.3.0 (GCC) ]
  ignore line: [COMPILER_PATH=/u/apps/gcc/9.3.0/bin/../libexec/gcc/x86_64-pc-linux-gnu/9.3.0/:/u/apps/gcc/9.3.0/bin/../libexec/gcc/]
  ignore line: [LIBRARY_PATH=/u/apps/gcc/9.3.0/bin/../lib/gcc/x86_64-pc-linux-gnu/9.3.0/:/u/apps/gcc/9.3.0/bin/../lib/gcc/:/u/apps/gcc/9.3.0/bin/../lib/gcc/x86_64-pc-linux-gnu/9.3.0/../../../../lib64/:/lib/../lib64/:/usr/lib/../lib64/:/u/apps/gcc/9.3.0/bin/../lib/gcc/x86_64-pc-linux-gnu/9.3.0/../../../:/lib/:/usr/lib/]
  ignore line: [COLLECT_GCC_OPTIONS='-v' '-o' 'cmTC_b89b5' '-shared-libgcc' '-mtune=generic' '-march=x86-64']
  link line: [ /u/apps/gcc/9.3.0/bin/../libexec/gcc/x86_64-pc-linux-gnu/9.3.0/collect2 -plugin /u/apps/gcc/9.3.0/bin/../libexec/gcc/x86_64-pc-linux-gnu/9.3.0/liblto_plugin.so -plugin-opt=/u/apps/gcc/9.3.0/bin/../libexec/gcc/x86_64-pc-linux-gnu/9.3.0/lto-wrapper -plugin-opt=-fresolution=/tmp/cc9pQzUt.res -plugin-opt=-pass-through=-lgcc_s -plugin-opt=-pass-through=-lgcc -plugin-opt=-pass-through=-lc -plugin-opt=-pass-through=-lgcc_s -plugin-opt=-pass-through=-lgcc --eh-frame-hdr -m elf_x86_64 -dynamic-linker /lib64/ld-linux-x86-64.so.2 -o cmTC_b89b5 /lib/../lib64/crt1.o /lib/../lib64/crti.o /u/apps/gcc/9.3.0/bin/../lib/gcc/x86_64-pc-linux-gnu/9.3.0/crtbegin.o -L/u/apps/gcc/9.3.0/bin/../lib/gcc/x86_64-pc-linux-gnu/9.3.0 -L/u/apps/gcc/9.3.0/bin/../lib/gcc -L/u/apps/gcc/9.3.0/bin/../lib/gcc/x86_64-pc-linux-gnu/9.3.0/../../../../lib64 -L/lib/../lib64 -L/usr/lib/../lib64 -L/u/apps/gcc/9.3.0/bin/../lib/gcc/x86_64-pc-linux-gnu/9.3.0/../../.. CMakeFiles/cmTC_b89b5.dir/CMakeCXXCompilerABI.cpp.o -lstdc++ -lm -lgcc_s -lgcc -lc -lgcc_s -lgcc /u/apps/gcc/9.3.0/bin/../lib/gcc/x86_64-pc-linux-gnu/9.3.0/crtend.o /lib/../lib64/crtn.o]
    arg [/u/apps/gcc/9.3.0/bin/../libexec/gcc/x86_64-pc-linux-gnu/9.3.0/collect2] ==> ignore
    arg [-plugin] ==> ignore
    arg [/u/apps/gcc/9.3.0/bin/../libexec/gcc/x86_64-pc-linux-gnu/9.3.0/liblto_plugin.so] ==> ignore
    arg [-plugin-opt=/u/apps/gcc/9.3.0/bin/../libexec/gcc/x86_64-pc-linux-gnu/9.3.0/lto-wrapper] ==> ignore
    arg [-plugin-opt=-fresolution=/tmp/cc9pQzUt.res] ==> ignore
    arg [-plugin-opt=-pass-through=-lgcc_s] ==> ignore
    arg [-plugin-opt=-pass-through=-lgcc] ==> ignore
    arg [-plugin-opt=-pass-through=-lc] ==> ignore
    arg [-plugin-opt=-pass-through=-lgcc_s] ==> ignore
    arg [-plugin-opt=-pass-through=-lgcc] ==> ignore
    arg [--eh-frame-hdr] ==> ignore
    arg [-m] ==> ignore
    arg [elf_x86_64] ==> ignore
    arg [-dynamic-linker] ==> ignore
    arg [/lib64/ld-linux-x86-64.so.2] ==> ignore
    arg [-o] ==> ignore
    arg [cmTC_b89b5] ==> ignore
    arg [/lib/../lib64/crt1.o] ==> ignore
    arg [/lib/../lib64/crti.o] ==> ignore
    arg [/u/apps/gcc/9.3.0/bin/../lib/gcc/x86_64-pc-linux-gnu/9.3.0/crtbegin.o] ==> ignore
    arg [-L/u/apps/gcc/9.3.0/bin/../lib/gcc/x86_64-pc-linux-gnu/9.3.0] ==> dir [/u/apps/gcc/9.3.0/bin/../lib/gcc/x86_64-pc-linux-gnu/9.3.0]
    arg [-L/u/apps/gcc/9.3.0/bin/../lib/gcc] ==> dir [/u/apps/gcc/9.3.0/bin/../lib/gcc]
    arg [-L/u/apps/gcc/9.3.0/bin/../lib/gcc/x86_64-pc-linux-gnu/9.3.0/../../../../lib64] ==> dir [/u/apps/gcc/9.3.0/bin/../lib/gcc/x86_64-pc-linux-gnu/9.3.0/../../../../lib64]
    arg [-L/lib/../lib64] ==> dir [/lib/../lib64]
    arg [-L/usr/lib/../lib64] ==> dir [/usr/lib/../lib64]
    arg [-L/u/apps/gcc/9.3.0/bin/../lib/gcc/x86_64-pc-linux-gnu/9.3.0/../../..] ==> dir [/u/apps/gcc/9.3.0/bin/../lib/gcc/x86_64-pc-linux-gnu/9.3.0/../../..]
    arg [CMakeFiles/cmTC_b89b5.dir/CMakeCXXCompilerABI.cpp.o] ==> ignore
    arg [-lstdc++] ==> lib [stdc++]
    arg [-lm] ==> lib [m]
    arg [-lgcc_s] ==> lib [gcc_s]
    arg [-lgcc] ==> lib [gcc]
    arg [-lc] ==> lib [c]
    arg [-lgcc_s] ==> lib [gcc_s]
    arg [-lgcc] ==> lib [gcc]
    arg [/u/apps/gcc/9.3.0/bin/../lib/gcc/x86_64-pc-linux-gnu/9.3.0/crtend.o] ==> ignore
    arg [/lib/../lib64/crtn.o] ==> ignore
  collapse library dir [/u/apps/gcc/9.3.0/bin/../lib/gcc/x86_64-pc-linux-gnu/9.3.0] ==> [/u/apps/gcc/9.3.0/lib/gcc/x86_64-pc-linux-gnu/9.3.0]
  collapse library dir [/u/apps/gcc/9.3.0/bin/../lib/gcc] ==> [/u/apps/gcc/9.3.0/lib/gcc]
  collapse library dir [/u/apps/gcc/9.3.0/bin/../lib/gcc/x86_64-pc-linux-gnu/9.3.0/../../../../lib64] ==> [/u/apps/gcc/9.3.0/lib64]
  collapse library dir [/lib/../lib64] ==> [/lib64]
  collapse library dir [/usr/lib/../lib64] ==> [/usr/lib64]
  collapse library dir [/u/apps/gcc/9.3.0/bin/../lib/gcc/x86_64-pc-linux-gnu/9.3.0/../../..] ==> [/u/apps/gcc/9.3.0/lib]
  implicit libs: [stdc++;m;gcc_s;gcc;c;gcc_s;gcc]
  implicit dirs: [/u/apps/gcc/9.3.0/lib/gcc/x86_64-pc-linux-gnu/9.3.0;/u/apps/gcc/9.3.0/lib/gcc;/u/apps/gcc/9.3.0/lib64;/lib64;/usr/lib64;/u/apps/gcc/9.3.0/lib]
  implicit fwks: []


Determining if the include file pthread.h exists passed with the following output:
Change Dir: /home/hdtrdops/GemTrd_2023/JANA4ML4FPGA/src/jana/rawdataparser/build/CMakeFiles/CMakeTmp

Run Build Command(s):/usr/bin/gmake cmTC_89176/fast && /usr/bin/gmake  -f CMakeFiles/cmTC_89176.dir/build.make CMakeFiles/cmTC_89176.dir/build
gmake[1]: Entering directory `/gluonfs1/home/hdtrdops/GemTrd_2023/JANA4ML4FPGA/src/jana/rawdataparser/build/CMakeFiles/CMakeTmp'
Building C object CMakeFiles/cmTC_89176.dir/CheckIncludeFile.c.o
/apps/gcc/9.3.0/bin/gcc   -fPIE   -o CMakeFiles/cmTC_89176.dir/CheckIncludeFile.c.o   -c /home/hdtrdops/GemTrd_2023/JANA4ML4FPGA/src/jana/rawdataparser/build/CMakeFiles/CMakeTmp/CheckIncludeFile.c
Linking C executable cmTC_89176
/usr/bin/cmake3 -E cmake_link_script CMakeFiles/cmTC_89176.dir/link.txt --verbose=1
/apps/gcc/9.3.0/bin/gcc      CMakeFiles/cmTC_89176.dir/CheckIncludeFile.c.o  -o cmTC_89176 
gmake[1]: Leaving directory `/gluonfs1/home/hdtrdops/GemTrd_2023/JANA4ML4FPGA/src/jana/rawdataparser/build/CMakeFiles/CMakeTmp'



Determining if the function pthread_create exists in the pthread passed with the following output:
Change Dir: /home/hdtrdops/GemTrd_2023/JANA4ML4FPGA/src/jana/rawdataparser/build/CMakeFiles/CMakeTmp

Run Build Command(s):/usr/bin/gmake cmTC_47277/fast && /usr/bin/gmake  -f CMakeFiles/cmTC_47277.dir/build.make CMakeFiles/cmTC_47277.dir/build
gmake[1]: Entering directory `/gluonfs1/home/hdtrdops/GemTrd_2023/JANA4ML4FPGA/src/jana/rawdataparser/build/CMakeFiles/CMakeTmp'
Building C object CMakeFiles/cmTC_47277.dir/CheckFunctionExists.c.o
/apps/gcc/9.3.0/bin/gcc   -DCHECK_FUNCTION_EXISTS=pthread_create -fPIE   -o CMakeFiles/cmTC_47277.dir/CheckFunctionExists.c.o   -c /usr/share/cmake3/Modules/CheckFunctionExists.c
Linking C executable cmTC_47277
/usr/bin/cmake3 -E cmake_link_script CMakeFiles/cmTC_47277.dir/link.txt --verbose=1
/apps/gcc/9.3.0/bin/gcc  -DCHECK_FUNCTION_EXISTS=pthread_create    CMakeFiles/cmTC_47277.dir/CheckFunctionExists.c.o  -o cmTC_47277  -lpthread 
gmake[1]: Leaving directory `/gluonfs1/home/hdtrdops/GemTrd_2023/JANA4ML4FPGA/src/jana/rawdataparser/build/CMakeFiles/CMakeTmp'



