Performing C SOURCE FILE Test CMAKE_HAVE_LIBC_PTHREAD failed with the following output:
Change Dir: /home/hdtrdops/GemTrd_2023/JANA4ML4FPGA/src/jana/rawdataparser/build/CMakeFiles/CMakeTmp

Run Build Command(s):/usr/bin/gmake cmTC_99df0/fast && /usr/bin/gmake  -f CMakeFiles/cmTC_99df0.dir/build.make CMakeFiles/cmTC_99df0.dir/build
gmake[1]: Entering directory `/gluonfs1/home/hdtrdops/GemTrd_2023/JANA4ML4FPGA/src/jana/rawdataparser/build/CMakeFiles/CMakeTmp'
Building C object CMakeFiles/cmTC_99df0.dir/src.c.o
/apps/gcc/9.3.0/bin/gcc   -DCMAKE_HAVE_LIBC_PTHREAD -fPIE   -o CMakeFiles/cmTC_99df0.dir/src.c.o   -c /home/hdtrdops/GemTrd_2023/JANA4ML4FPGA/src/jana/rawdataparser/build/CMakeFiles/CMakeTmp/src.c
Linking C executable cmTC_99df0
/usr/bin/cmake3 -E cmake_link_script CMakeFiles/cmTC_99df0.dir/link.txt --verbose=1
/apps/gcc/9.3.0/bin/gcc  -DCMAKE_HAVE_LIBC_PTHREAD    CMakeFiles/cmTC_99df0.dir/src.c.o  -o cmTC_99df0 
CMakeFiles/cmTC_99df0.dir/src.c.o: In function `main':
src.c:(.text+0x2f): undefined reference to `pthread_create'
src.c:(.text+0x3b): undefined reference to `pthread_detach'
src.c:(.text+0x47): undefined reference to `pthread_cancel'
src.c:(.text+0x58): undefined reference to `pthread_join'
src.c:(.text+0x6c): undefined reference to `pthread_atfork'
collect2: error: ld returned 1 exit status
gmake[1]: *** [cmTC_99df0] Error 1
gmake[1]: Leaving directory `/gluonfs1/home/hdtrdops/GemTrd_2023/JANA4ML4FPGA/src/jana/rawdataparser/build/CMakeFiles/CMakeTmp'
gmake: *** [cmTC_99df0/fast] Error 2


Source file was:
#include <pthread.h>

void* test_func(void* data)
{
  return data;
}

int main(void)
{
  pthread_t thread;
  pthread_create(&thread, NULL, test_func, NULL);
  pthread_detach(thread);
  pthread_cancel(thread);
  pthread_join(thread, NULL);
  pthread_atfork(NULL, NULL, NULL);
  pthread_exit(NULL);

  return 0;
}

Determining if the function pthread_create exists in the pthreads failed with the following output:
Change Dir: /home/hdtrdops/GemTrd_2023/JANA4ML4FPGA/src/jana/rawdataparser/build/CMakeFiles/CMakeTmp

Run Build Command(s):/usr/bin/gmake cmTC_cc12c/fast && /usr/bin/gmake  -f CMakeFiles/cmTC_cc12c.dir/build.make CMakeFiles/cmTC_cc12c.dir/build
gmake[1]: Entering directory `/gluonfs1/home/hdtrdops/GemTrd_2023/JANA4ML4FPGA/src/jana/rawdataparser/build/CMakeFiles/CMakeTmp'
Building C object CMakeFiles/cmTC_cc12c.dir/CheckFunctionExists.c.o
/apps/gcc/9.3.0/bin/gcc   -DCHECK_FUNCTION_EXISTS=pthread_create -fPIE   -o CMakeFiles/cmTC_cc12c.dir/CheckFunctionExists.c.o   -c /usr/share/cmake3/Modules/CheckFunctionExists.c
Linking C executable cmTC_cc12c
/usr/bin/cmake3 -E cmake_link_script CMakeFiles/cmTC_cc12c.dir/link.txt --verbose=1
/apps/gcc/9.3.0/bin/gcc  -DCHECK_FUNCTION_EXISTS=pthread_create    CMakeFiles/cmTC_cc12c.dir/CheckFunctionExists.c.o  -o cmTC_cc12c  -lpthreads 
/usr/bin/ld: cannot find -lpthreads
collect2: error: ld returned 1 exit status
gmake[1]: *** [cmTC_cc12c] Error 1
gmake[1]: Leaving directory `/gluonfs1/home/hdtrdops/GemTrd_2023/JANA4ML4FPGA/src/jana/rawdataparser/build/CMakeFiles/CMakeTmp'
gmake: *** [cmTC_cc12c/fast] Error 2



